<?xml version="1.0" encoding="UTF-8"?>
<testsuite name="JsonSerializerTest" tests="2" skipped="0" failures="0" errors="0" timestamp="2023-05-18T11:31:25" hostname="KARAKAS" time="0.538">
  <properties/>
  <testcase name="testSerialization()" classname="JsonSerializerTest" time="0.533"/>
  <testcase name="testDeserialization()" classname="JsonSerializerTest" time="0.003"/>
  <system-out><![CDATA[]]></system-out>
  <system-err><![CDATA[]]></system-err>
</testsuite>
